mode: set
github.com/mkboudreau/meetup-june2014/testtalk/test-go/test.go:3.57,4.11 1 1
github.com/mkboudreau/meetup-june2014/testtalk/test-go/test.go:9.2,9.11 1 1
github.com/mkboudreau/meetup-june2014/testtalk/test-go/test.go:4.11,6.3 1 1
github.com/mkboudreau/meetup-june2014/testtalk/test-go/test.go:6.4,6.18 1 1
github.com/mkboudreau/meetup-june2014/testtalk/test-go/test.go:6.18,8.3 1 1
github.com/mkboudreau/meetup-june2014/testtalk/test-go/test.go:12.69,16.40 3 1
github.com/mkboudreau/meetup-june2014/testtalk/test-go/test.go:20.2,20.43 1 1
github.com/mkboudreau/meetup-june2014/testtalk/test-go/test.go:16.40,19.3 2 1
github.com/mkboudreau/meetup-june2014/testtalk/test-go/test.go:23.69,27.45 3 1
github.com/mkboudreau/meetup-june2014/testtalk/test-go/test.go:31.2,31.43 1 1
github.com/mkboudreau/meetup-june2014/testtalk/test-go/test.go:27.45,30.3 2 1
